mode: set
github.com/Wosiu6/patwos-api/config/config.go:31.27,33.21 2 1
github.com/Wosiu6/patwos-api/config/config.go:33.21,35.3 1 0
github.com/Wosiu6/patwos-api/config/config.go:36.2,37.22 2 1
github.com/Wosiu6/patwos-api/config/config.go:37.22,39.3 1 0
github.com/Wosiu6/patwos-api/config/config.go:41.2,59.3 1 1
github.com/Wosiu6/patwos-api/config/config.go:62.46,63.42 1 1
github.com/Wosiu6/patwos-api/config/config.go:63.42,65.3 1 1
github.com/Wosiu6/patwos-api/config/config.go:66.2,66.21 1 1
github.com/Wosiu6/patwos-api/config/config.go:69.62,70.42 1 1
github.com/Wosiu6/patwos-api/config/config.go:70.42,72.47 2 0
github.com/Wosiu6/patwos-api/config/config.go:72.47,74.21 2 0
github.com/Wosiu6/patwos-api/config/config.go:74.21,76.5 1 0
github.com/Wosiu6/patwos-api/config/config.go:78.3,78.22 1 0
github.com/Wosiu6/patwos-api/config/config.go:78.22,80.4 1 0
github.com/Wosiu6/patwos-api/config/config.go:82.2,82.21 1 1
github.com/Wosiu6/patwos-api/config/config.go:85.56,86.42 1 1
github.com/Wosiu6/patwos-api/config/config.go:86.42,87.67 1 0
github.com/Wosiu6/patwos-api/config/config.go:87.67,89.4 1 0
github.com/Wosiu6/patwos-api/config/config.go:91.2,91.21 1 1
github.com/Wosiu6/patwos-api/config/config.go:94.75,95.42 1 1
github.com/Wosiu6/patwos-api/config/config.go:95.42,96.61 1 1
github.com/Wosiu6/patwos-api/config/config.go:96.61,98.4 1 1
github.com/Wosiu6/patwos-api/config/config.go:100.2,100.21 1 0
github.com/Wosiu6/patwos-api/authcache/revoked_token_cache.go:17.13,19.2 1 1
github.com/Wosiu6/patwos-api/authcache/revoked_token_cache.go:21.45,25.2 3 1
github.com/Wosiu6/patwos-api/authcache/revoked_token_cache.go:27.35,31.13 4 1
github.com/Wosiu6/patwos-api/authcache/revoked_token_cache.go:31.13,33.3 1 0
github.com/Wosiu6/patwos-api/authcache/revoked_token_cache.go:34.2,34.33 1 1
github.com/Wosiu6/patwos-api/authcache/revoked_token_cache.go:34.33,39.3 4 1
github.com/Wosiu6/patwos-api/authcache/revoked_token_cache.go:40.2,40.13 1 1
github.com/Wosiu6/patwos-api/authcache/revoked_token_cache.go:43.87,47.21 3 1
github.com/Wosiu6/patwos-api/authcache/revoked_token_cache.go:47.21,50.36 3 0
github.com/Wosiu6/patwos-api/authcache/revoked_token_cache.go:50.36,51.26 1 0
github.com/Wosiu6/patwos-api/authcache/revoked_token_cache.go:51.26,53.5 1 0
github.com/Wosiu6/patwos-api/authcache/revoked_token_cache.go:55.3,55.16 1 0
github.com/Wosiu6/patwos-api/repository/article_repository.go:25.58,27.2 1 0
github.com/Wosiu6/patwos-api/repository/article_repository.go:29.88,31.2 1 0
github.com/Wosiu6/patwos-api/repository/article_repository.go:33.88,35.2 1 0
github.com/Wosiu6/patwos-api/repository/article_repository.go:37.88,39.2 1 0
github.com/Wosiu6/patwos-api/repository/article_repository.go:41.93,44.16 3 0
github.com/Wosiu6/patwos-api/repository/article_repository.go:44.16,46.3 1 0
github.com/Wosiu6/patwos-api/repository/article_repository.go:47.2,47.22 1 0
github.com/Wosiu6/patwos-api/repository/article_repository.go:50.99,53.16 3 0
github.com/Wosiu6/patwos-api/repository/article_repository.go:53.16,55.3 1 0
github.com/Wosiu6/patwos-api/repository/article_repository.go:56.2,56.22 1 0
github.com/Wosiu6/patwos-api/repository/article_repository.go:59.103,67.2 3 0
github.com/Wosiu6/patwos-api/repository/article_repository.go:69.82,72.16 3 0
github.com/Wosiu6/patwos-api/repository/article_repository.go:72.16,74.3 1 0
github.com/Wosiu6/patwos-api/repository/article_repository.go:75.2,75.19 1 0
github.com/Wosiu6/patwos-api/repository/article_repository.go:78.88,81.70 1 0
github.com/Wosiu6/patwos-api/repository/article_repository.go:81.70,83.3 1 0
github.com/Wosiu6/patwos-api/repository/article_repository.go:84.2,84.28 1 0
github.com/Wosiu6/patwos-api/repository/comment_repository.go:22.58,24.2 1 0
github.com/Wosiu6/patwos-api/repository/comment_repository.go:26.88,28.2 1 0
github.com/Wosiu6/patwos-api/repository/comment_repository.go:30.88,32.2 1 0
github.com/Wosiu6/patwos-api/repository/comment_repository.go:34.88,36.2 1 0
github.com/Wosiu6/patwos-api/repository/comment_repository.go:38.93,41.16 3 0
github.com/Wosiu6/patwos-api/repository/comment_repository.go:41.16,43.3 1 0
github.com/Wosiu6/patwos-api/repository/comment_repository.go:44.2,44.22 1 0
github.com/Wosiu6/patwos-api/repository/comment_repository.go:47.110,54.2 3 0
github.com/Wosiu6/patwos-api/repository/user_repository.go:22.52,24.2 1 0
github.com/Wosiu6/patwos-api/repository/user_repository.go:26.79,28.2 1 0
github.com/Wosiu6/patwos-api/repository/user_repository.go:30.95,33.16 3 0
github.com/Wosiu6/patwos-api/repository/user_repository.go:33.16,35.3 1 0
github.com/Wosiu6/patwos-api/repository/user_repository.go:36.2,36.19 1 0
github.com/Wosiu6/patwos-api/repository/user_repository.go:39.87,42.16 3 0
github.com/Wosiu6/patwos-api/repository/user_repository.go:42.16,44.3 1 0
github.com/Wosiu6/patwos-api/repository/user_repository.go:45.2,45.19 1 0
github.com/Wosiu6/patwos-api/repository/user_repository.go:48.101,51.16 3 0
github.com/Wosiu6/patwos-api/repository/user_repository.go:51.16,53.3 1 0
github.com/Wosiu6/patwos-api/repository/user_repository.go:54.2,54.19 1 0
github.com/Wosiu6/patwos-api/repository/user_repository.go:57.109,63.2 3 0
github.com/Wosiu6/patwos-api/repository/vote_repository.go:23.52,25.2 1 0
github.com/Wosiu6/patwos-api/repository/vote_repository.go:27.86,29.2 1 0
github.com/Wosiu6/patwos-api/repository/vote_repository.go:31.86,33.2 1 0
github.com/Wosiu6/patwos-api/repository/vote_repository.go:35.89,38.2 1 0
github.com/Wosiu6/patwos-api/repository/vote_repository.go:40.126,45.35 3 0
github.com/Wosiu6/patwos-api/repository/vote_repository.go:45.35,47.3 1 0
github.com/Wosiu6/patwos-api/repository/vote_repository.go:48.2,48.19 1 0
github.com/Wosiu6/patwos-api/repository/vote_repository.go:51.126,57.2 3 0
github.com/Wosiu6/patwos-api/repository/vote_repository.go:59.119,65.16 3 0
github.com/Wosiu6/patwos-api/repository/vote_repository.go:65.16,67.3 1 0
github.com/Wosiu6/patwos-api/repository/vote_repository.go:68.2,71.16 3 0
github.com/Wosiu6/patwos-api/repository/vote_repository.go:71.16,73.3 1 0
github.com/Wosiu6/patwos-api/repository/vote_repository.go:74.2,76.19 2 0
github.com/Wosiu6/patwos-api/repository/vote_repository.go:76.19,78.3 1 0
github.com/Wosiu6/patwos-api/repository/vote_repository.go:80.2,81.16 2 0
github.com/Wosiu6/patwos-api/repository/vote_repository.go:81.16,83.3 1 0
github.com/Wosiu6/patwos-api/repository/vote_repository.go:85.2,85.17 1 0
github.com/Wosiu6/patwos-api/repository/vote_repository.go:85.17,88.3 2 0
github.com/Wosiu6/patwos-api/repository/vote_repository.go:90.2,90.20 1 0
github.com/Wosiu6/patwos-api/database/database.go:12.52,17.16 3 0
github.com/Wosiu6/patwos-api/database/database.go:17.16,19.3 1 0
github.com/Wosiu6/patwos-api/database/database.go:21.2,21.16 1 0
github.com/Wosiu6/patwos-api/database/database.go:24.33,35.2 3 0
github.com/Wosiu6/patwos-api/models/article.go:51.48,61.2 1 1
github.com/Wosiu6/patwos-api/models/article.go:63.62,73.2 1 1
github.com/Wosiu6/patwos-api/models/comment.go:39.48,49.2 1 1
github.com/Wosiu6/patwos-api/models/user.go:57.52,59.16 2 1
github.com/Wosiu6/patwos-api/models/user.go:59.16,61.3 1 0
github.com/Wosiu6/patwos-api/models/user.go:62.2,63.12 2 1
github.com/Wosiu6/patwos-api/models/user.go:66.52,69.2 2 1
github.com/Wosiu6/patwos-api/models/user.go:71.42,73.29 2 1
github.com/Wosiu6/patwos-api/models/user.go:73.29,75.3 1 1
github.com/Wosiu6/patwos-api/models/user.go:76.2,82.3 1 1
github.com/Wosiu6/patwos-api/models/user.go:85.31,87.2 1 1
github.com/Wosiu6/patwos-api/models/vote.go:41.39,43.2 1 1
github.com/Wosiu6/patwos-api/models/vote.go:45.34,47.2 1 1
github.com/Wosiu6/patwos-api/service/article_service.go:35.110,40.2 1 1
github.com/Wosiu6/patwos-api/service/article_service.go:42.115,46.21 3 1
github.com/Wosiu6/patwos-api/service/article_service.go:46.21,48.3 1 0
github.com/Wosiu6/patwos-api/service/article_service.go:50.2,56.52 2 1
github.com/Wosiu6/patwos-api/service/article_service.go:56.52,58.3 1 0
github.com/Wosiu6/patwos-api/service/article_service.go:60.2,60.41 1 1
github.com/Wosiu6/patwos-api/service/article_service.go:63.129,65.16 2 1
github.com/Wosiu6/patwos-api/service/article_service.go:65.16,66.45 1 0
github.com/Wosiu6/patwos-api/service/article_service.go:66.45,68.4 1 0
github.com/Wosiu6/patwos-api/service/article_service.go:69.3,69.18 1 0
github.com/Wosiu6/patwos-api/service/article_service.go:72.2,73.16 2 1
github.com/Wosiu6/patwos-api/service/article_service.go:73.16,75.3 1 0
github.com/Wosiu6/patwos-api/service/article_service.go:77.2,77.51 1 1
github.com/Wosiu6/patwos-api/service/article_service.go:77.51,79.3 1 0
github.com/Wosiu6/patwos-api/service/article_service.go:81.2,81.17 1 1
github.com/Wosiu6/patwos-api/service/article_service.go:81.17,84.3 2 1
github.com/Wosiu6/patwos-api/service/article_service.go:86.2,86.52 1 1
github.com/Wosiu6/patwos-api/service/article_service.go:86.52,88.3 1 0
github.com/Wosiu6/patwos-api/service/article_service.go:90.2,90.41 1 1
github.com/Wosiu6/patwos-api/service/article_service.go:93.96,95.16 2 1
github.com/Wosiu6/patwos-api/service/article_service.go:95.16,96.45 1 0
github.com/Wosiu6/patwos-api/service/article_service.go:96.45,98.4 1 0
github.com/Wosiu6/patwos-api/service/article_service.go:99.3,99.13 1 0
github.com/Wosiu6/patwos-api/service/article_service.go:102.2,103.16 2 1
github.com/Wosiu6/patwos-api/service/article_service.go:103.16,105.3 1 0
github.com/Wosiu6/patwos-api/service/article_service.go:107.2,107.51 1 1
github.com/Wosiu6/patwos-api/service/article_service.go:107.51,109.3 1 0
github.com/Wosiu6/patwos-api/service/article_service.go:111.2,111.36 1 1
github.com/Wosiu6/patwos-api/service/article_service.go:114.99,116.16 2 1
github.com/Wosiu6/patwos-api/service/article_service.go:116.16,117.45 1 1
github.com/Wosiu6/patwos-api/service/article_service.go:117.45,119.4 1 1
github.com/Wosiu6/patwos-api/service/article_service.go:120.3,120.18 1 0
github.com/Wosiu6/patwos-api/service/article_service.go:122.2,122.21 1 0
github.com/Wosiu6/patwos-api/service/article_service.go:125.102,127.16 2 0
github.com/Wosiu6/patwos-api/service/article_service.go:127.16,128.45 1 0
github.com/Wosiu6/patwos-api/service/article_service.go:128.45,130.4 1 0
github.com/Wosiu6/patwos-api/service/article_service.go:131.3,131.18 1 0
github.com/Wosiu6/patwos-api/service/article_service.go:133.2,133.21 1 0
github.com/Wosiu6/patwos-api/service/article_service.go:136.115,137.31 1 1
github.com/Wosiu6/patwos-api/service/article_service.go:137.31,139.3 1 0
github.com/Wosiu6/patwos-api/service/article_service.go:140.2,140.16 1 1
github.com/Wosiu6/patwos-api/service/article_service.go:140.16,142.3 1 0
github.com/Wosiu6/patwos-api/service/article_service.go:144.2,145.16 2 1
github.com/Wosiu6/patwos-api/service/article_service.go:145.16,147.3 1 0
github.com/Wosiu6/patwos-api/service/article_service.go:149.2,150.35 2 1
github.com/Wosiu6/patwos-api/service/article_service.go:150.35,152.3 1 1
github.com/Wosiu6/patwos-api/service/article_service.go:154.2,154.22 1 1
github.com/Wosiu6/patwos-api/service/article_service.go:157.93,159.16 2 1
github.com/Wosiu6/patwos-api/service/article_service.go:159.16,160.45 1 0
github.com/Wosiu6/patwos-api/service/article_service.go:160.45,162.4 1 0
github.com/Wosiu6/patwos-api/service/article_service.go:163.3,163.16 1 0
github.com/Wosiu6/patwos-api/service/article_service.go:165.2,165.40 1 1
github.com/Wosiu6/patwos-api/service/article_service.go:168.99,170.16 2 1
github.com/Wosiu6/patwos-api/service/article_service.go:170.16,171.45 1 0
github.com/Wosiu6/patwos-api/service/article_service.go:171.45,173.4 1 0
github.com/Wosiu6/patwos-api/service/article_service.go:174.3,174.16 1 0
github.com/Wosiu6/patwos-api/service/article_service.go:176.2,176.46 1 1
github.com/Wosiu6/patwos-api/service/auth_service.go:36.102,42.2 1 1
github.com/Wosiu6/patwos-api/service/auth_service.go:44.117,46.16 2 1
github.com/Wosiu6/patwos-api/service/auth_service.go:46.16,48.3 1 0
github.com/Wosiu6/patwos-api/service/auth_service.go:49.2,49.12 1 1
github.com/Wosiu6/patwos-api/service/auth_service.go:49.12,51.3 1 1
github.com/Wosiu6/patwos-api/service/auth_service.go:53.2,60.52 2 1
github.com/Wosiu6/patwos-api/service/auth_service.go:60.52,62.3 1 0
github.com/Wosiu6/patwos-api/service/auth_service.go:64.2,64.53 1 1
github.com/Wosiu6/patwos-api/service/auth_service.go:64.53,66.3 1 0
github.com/Wosiu6/patwos-api/service/auth_service.go:68.2,69.16 2 1
github.com/Wosiu6/patwos-api/service/auth_service.go:69.16,71.3 1 0
github.com/Wosiu6/patwos-api/service/auth_service.go:73.2,73.25 1 1
github.com/Wosiu6/patwos-api/service/auth_service.go:76.104,78.16 2 1
github.com/Wosiu6/patwos-api/service/auth_service.go:78.16,79.45 1 0
github.com/Wosiu6/patwos-api/service/auth_service.go:79.45,81.4 1 0
github.com/Wosiu6/patwos-api/service/auth_service.go:82.3,82.22 1 0
github.com/Wosiu6/patwos-api/service/auth_service.go:85.2,85.35 1 1
github.com/Wosiu6/patwos-api/service/auth_service.go:85.35,87.3 1 1
github.com/Wosiu6/patwos-api/service/auth_service.go:89.2,89.43 1 1
github.com/Wosiu6/patwos-api/service/auth_service.go:89.43,91.3 1 0
github.com/Wosiu6/patwos-api/service/auth_service.go:93.2,94.16 2 1
github.com/Wosiu6/patwos-api/service/auth_service.go:94.16,96.3 1 0
github.com/Wosiu6/patwos-api/service/auth_service.go:98.2,98.25 1 1
github.com/Wosiu6/patwos-api/service/auth_service.go:101.87,103.16 2 0
github.com/Wosiu6/patwos-api/service/auth_service.go:103.16,104.45 1 0
github.com/Wosiu6/patwos-api/service/auth_service.go:104.45,106.4 1 0
github.com/Wosiu6/patwos-api/service/auth_service.go:107.3,107.18 1 0
github.com/Wosiu6/patwos-api/service/auth_service.go:109.2,109.18 1 0
github.com/Wosiu6/patwos-api/service/auth_service.go:112.84,113.75 1 0
github.com/Wosiu6/patwos-api/service/auth_service.go:113.75,115.3 1 0
github.com/Wosiu6/patwos-api/service/auth_service.go:116.2,116.16 1 0
github.com/Wosiu6/patwos-api/service/auth_service.go:116.16,118.3 1 0
github.com/Wosiu6/patwos-api/service/auth_service.go:120.2,121.9 2 0
github.com/Wosiu6/patwos-api/service/auth_service.go:121.9,123.3 1 0
github.com/Wosiu6/patwos-api/service/auth_service.go:125.2,126.9 2 0
github.com/Wosiu6/patwos-api/service/auth_service.go:126.9,128.3 1 0
github.com/Wosiu6/patwos-api/service/auth_service.go:130.2,137.73 2 0
github.com/Wosiu6/patwos-api/service/auth_service.go:137.73,139.3 1 0
github.com/Wosiu6/patwos-api/service/auth_service.go:141.2,142.12 2 0
github.com/Wosiu6/patwos-api/service/auth_service.go:145.78,146.32 1 0
github.com/Wosiu6/patwos-api/service/auth_service.go:146.32,148.3 1 0
github.com/Wosiu6/patwos-api/service/auth_service.go:150.2,154.18 3 0
github.com/Wosiu6/patwos-api/service/auth_service.go:157.120,168.2 3 1
github.com/Wosiu6/patwos-api/service/comment_service.go:29.74,31.2 1 1
github.com/Wosiu6/patwos-api/service/comment_service.go:33.126,40.52 2 1
github.com/Wosiu6/patwos-api/service/comment_service.go:40.52,42.3 1 0
github.com/Wosiu6/patwos-api/service/comment_service.go:44.2,44.41 1 1
github.com/Wosiu6/patwos-api/service/comment_service.go:47.131,49.16 2 1
github.com/Wosiu6/patwos-api/service/comment_service.go:49.16,50.45 1 0
github.com/Wosiu6/patwos-api/service/comment_service.go:50.45,52.4 1 0
github.com/Wosiu6/patwos-api/service/comment_service.go:53.3,53.18 1 0
github.com/Wosiu6/patwos-api/service/comment_service.go:56.2,56.30 1 1
github.com/Wosiu6/patwos-api/service/comment_service.go:56.30,58.3 1 0
github.com/Wosiu6/patwos-api/service/comment_service.go:60.2,61.52 2 1
github.com/Wosiu6/patwos-api/service/comment_service.go:61.52,63.3 1 0
github.com/Wosiu6/patwos-api/service/comment_service.go:65.2,65.41 1 1
github.com/Wosiu6/patwos-api/service/comment_service.go:68.96,70.16 2 1
github.com/Wosiu6/patwos-api/service/comment_service.go:70.16,71.45 1 0
github.com/Wosiu6/patwos-api/service/comment_service.go:71.45,73.4 1 0
github.com/Wosiu6/patwos-api/service/comment_service.go:74.3,74.13 1 0
github.com/Wosiu6/patwos-api/service/comment_service.go:77.2,77.30 1 1
github.com/Wosiu6/patwos-api/service/comment_service.go:77.30,79.3 1 0
github.com/Wosiu6/patwos-api/service/comment_service.go:81.2,81.36 1 1
github.com/Wosiu6/patwos-api/service/comment_service.go:84.99,86.16 2 1
github.com/Wosiu6/patwos-api/service/comment_service.go:86.16,87.45 1 1
github.com/Wosiu6/patwos-api/service/comment_service.go:87.45,89.4 1 1
github.com/Wosiu6/patwos-api/service/comment_service.go:90.3,90.18 1 0
github.com/Wosiu6/patwos-api/service/comment_service.go:92.2,92.21 1 1
github.com/Wosiu6/patwos-api/service/comment_service.go:95.120,97.16 2 1
github.com/Wosiu6/patwos-api/service/comment_service.go:97.16,99.3 1 0
github.com/Wosiu6/patwos-api/service/comment_service.go:101.2,102.35 2 1
github.com/Wosiu6/patwos-api/service/comment_service.go:102.35,104.3 1 1
github.com/Wosiu6/patwos-api/service/comment_service.go:106.2,106.22 1 1
github.com/Wosiu6/patwos-api/service/vote_service.go:27.65,29.2 1 1
github.com/Wosiu6/patwos-api/service/vote_service.go:31.110,32.25 1 1
github.com/Wosiu6/patwos-api/service/vote_service.go:32.25,34.3 1 1
github.com/Wosiu6/patwos-api/service/vote_service.go:36.2,37.16 2 1
github.com/Wosiu6/patwos-api/service/vote_service.go:37.16,39.3 1 0
github.com/Wosiu6/patwos-api/service/vote_service.go:41.2,41.25 1 1
github.com/Wosiu6/patwos-api/service/vote_service.go:41.25,42.40 1 1
github.com/Wosiu6/patwos-api/service/vote_service.go:42.40,45.4 2 1
github.com/Wosiu6/patwos-api/service/vote_service.go:46.3,46.13 1 0
github.com/Wosiu6/patwos-api/service/vote_service.go:49.2,55.33 2 1
github.com/Wosiu6/patwos-api/service/vote_service.go:58.90,60.2 1 1
github.com/Wosiu6/patwos-api/service/vote_service.go:62.116,64.2 1 1
github.com/Wosiu6/patwos-api/routes/routes.go:13.71,14.45 1 1
github.com/Wosiu6/patwos-api/routes/routes.go:14.45,16.3 1 1
github.com/Wosiu6/patwos-api/routes/routes.go:18.2,34.2 14 1
github.com/Wosiu6/patwos-api/routes/routes.go:34.2,36.3 2 1
github.com/Wosiu6/patwos-api/routes/routes.go:36.3,41.4 4 1
github.com/Wosiu6/patwos-api/routes/routes.go:43.3,44.3 2 1
github.com/Wosiu6/patwos-api/routes/routes.go:44.3,52.4 6 1
github.com/Wosiu6/patwos-api/routes/routes.go:54.3,55.3 2 1
github.com/Wosiu6/patwos-api/routes/routes.go:55.3,60.4 3 1
github.com/Wosiu6/patwos-api/routes/routes.go:61.3,62.3 2 1
github.com/Wosiu6/patwos-api/routes/routes.go:62.3,72.4 8 1
github.com/Wosiu6/patwos-api/middleware/admin.go:11.51,12.30 1 1
github.com/Wosiu6/patwos-api/middleware/admin.go:12.30,14.14 2 1
github.com/Wosiu6/patwos-api/middleware/admin.go:14.14,18.4 3 0
github.com/Wosiu6/patwos-api/middleware/admin.go:20.3,21.42 2 1
github.com/Wosiu6/patwos-api/middleware/admin.go:21.42,25.4 3 0
github.com/Wosiu6/patwos-api/middleware/admin.go:27.3,27.11 1 1
github.com/Wosiu6/patwos-api/middleware/auth.go:27.70,28.30 1 0
github.com/Wosiu6/patwos-api/middleware/auth.go:28.30,30.23 2 0
github.com/Wosiu6/patwos-api/middleware/auth.go:30.23,34.4 3 0
github.com/Wosiu6/patwos-api/middleware/auth.go:36.3,37.32 2 0
github.com/Wosiu6/patwos-api/middleware/auth.go:37.32,41.4 3 0
github.com/Wosiu6/patwos-api/middleware/auth.go:43.3,43.39 1 0
github.com/Wosiu6/patwos-api/middleware/auth.go:43.39,52.4 4 0
github.com/Wosiu6/patwos-api/middleware/auth.go:54.3,56.135 3 0
github.com/Wosiu6/patwos-api/middleware/auth.go:56.135,66.4 5 0
github.com/Wosiu6/patwos-api/middleware/auth.go:68.3,69.79 2 0
github.com/Wosiu6/patwos-api/middleware/auth.go:69.79,70.59 1 0
github.com/Wosiu6/patwos-api/middleware/auth.go:70.59,72.5 1 0
github.com/Wosiu6/patwos-api/middleware/auth.go:73.4,73.37 1 0
github.com/Wosiu6/patwos-api/middleware/auth.go:76.3,76.49 1 0
github.com/Wosiu6/patwos-api/middleware/auth.go:76.49,77.153 1 0
github.com/Wosiu6/patwos-api/middleware/auth.go:77.153,78.19 1 0
github.com/Wosiu6/patwos-api/middleware/auth.go:78.19,80.6 1 0
github.com/Wosiu6/patwos-api/middleware/auth.go:81.5,81.21 1 0
github.com/Wosiu6/patwos-api/middleware/auth.go:84.4,84.43 1 0
github.com/Wosiu6/patwos-api/middleware/auth.go:84.43,90.5 1 0
github.com/Wosiu6/patwos-api/middleware/auth.go:90.10,96.5 1 0
github.com/Wosiu6/patwos-api/middleware/auth.go:97.4,98.10 2 0
github.com/Wosiu6/patwos-api/middleware/auth.go:101.3,102.10 2 0
github.com/Wosiu6/patwos-api/middleware/auth.go:102.10,106.4 3 0
github.com/Wosiu6/patwos-api/middleware/auth.go:108.3,109.10 2 0
github.com/Wosiu6/patwos-api/middleware/auth.go:109.10,113.4 3 0
github.com/Wosiu6/patwos-api/middleware/auth.go:115.3,116.59 2 0
github.com/Wosiu6/patwos-api/middleware/auth.go:116.59,120.4 3 0
github.com/Wosiu6/patwos-api/middleware/auth.go:122.3,123.10 2 0
github.com/Wosiu6/patwos-api/middleware/auth.go:123.10,127.4 3 0
github.com/Wosiu6/patwos-api/middleware/auth.go:129.3,130.78 2 0
github.com/Wosiu6/patwos-api/middleware/auth.go:130.78,134.4 3 0
github.com/Wosiu6/patwos-api/middleware/auth.go:136.3,139.11 4 0
github.com/Wosiu6/patwos-api/middleware/bodylimit.go:9.53,10.30 1 1
github.com/Wosiu6/patwos-api/middleware/bodylimit.go:10.30,11.40 1 1
github.com/Wosiu6/patwos-api/middleware/bodylimit.go:11.40,17.4 3 1
github.com/Wosiu6/patwos-api/middleware/bodylimit.go:19.3,20.11 2 0
github.com/Wosiu6/patwos-api/middleware/cors.go:10.62,11.30 1 1
github.com/Wosiu6/patwos-api/middleware/cors.go:11.30,14.19 2 1
github.com/Wosiu6/patwos-api/middleware/cors.go:14.19,17.4 2 0
github.com/Wosiu6/patwos-api/middleware/cors.go:19.3,21.30 3 1
github.com/Wosiu6/patwos-api/middleware/cors.go:21.30,22.38 1 1
github.com/Wosiu6/patwos-api/middleware/cors.go:22.38,23.18 1 1
github.com/Wosiu6/patwos-api/middleware/cors.go:23.18,26.11 3 0
github.com/Wosiu6/patwos-api/middleware/cors.go:27.11,27.28 1 1
github.com/Wosiu6/patwos-api/middleware/cors.go:27.28,30.11 3 1
github.com/Wosiu6/patwos-api/middleware/cors.go:35.3,35.15 1 1
github.com/Wosiu6/patwos-api/middleware/cors.go:35.15,41.4 3 1
github.com/Wosiu6/patwos-api/middleware/cors.go:43.3,44.27 2 1
github.com/Wosiu6/patwos-api/middleware/cors.go:44.27,46.4 1 1
github.com/Wosiu6/patwos-api/middleware/cors.go:47.3,52.36 5 1
github.com/Wosiu6/patwos-api/middleware/cors.go:52.36,55.4 2 0
github.com/Wosiu6/patwos-api/middleware/cors.go:57.3,57.11 1 1
github.com/Wosiu6/patwos-api/middleware/logger.go:10.38,11.30 1 0
github.com/Wosiu6/patwos-api/middleware/logger.go:11.30,23.18 9 0
github.com/Wosiu6/patwos-api/middleware/logger.go:23.18,25.4 1 0
github.com/Wosiu6/patwos-api/middleware/logger.go:27.3,27.20 1 0
github.com/Wosiu6/patwos-api/middleware/logger.go:27.20,37.4 1 0
github.com/Wosiu6/patwos-api/middleware/ratelimit.go:20.59,30.2 3 1
github.com/Wosiu6/patwos-api/middleware/ratelimit.go:32.56,41.2 6 1
github.com/Wosiu6/patwos-api/middleware/ratelimit.go:43.61,47.13 3 1
github.com/Wosiu6/patwos-api/middleware/ratelimit.go:47.13,50.3 2 1
github.com/Wosiu6/patwos-api/middleware/ratelimit.go:51.2,53.16 3 0
github.com/Wosiu6/patwos-api/middleware/ratelimit.go:56.83,60.21 3 1
github.com/Wosiu6/patwos-api/middleware/ratelimit.go:60.21,63.36 3 0
github.com/Wosiu6/patwos-api/middleware/ratelimit.go:63.36,64.27 1 0
github.com/Wosiu6/patwos-api/middleware/ratelimit.go:64.27,67.5 2 0
github.com/Wosiu6/patwos-api/middleware/ratelimit.go:69.3,69.16 1 0
github.com/Wosiu6/patwos-api/middleware/ratelimit.go:73.79,76.30 2 1
github.com/Wosiu6/patwos-api/middleware/ratelimit.go:76.30,80.23 3 1
github.com/Wosiu6/patwos-api/middleware/ratelimit.go:80.23,89.4 6 1
github.com/Wosiu6/patwos-api/middleware/ratelimit.go:91.3,91.11 1 0
github.com/Wosiu6/patwos-api/middleware/ratelimit.go:95.50,98.30 2 0
github.com/Wosiu6/patwos-api/middleware/ratelimit.go:98.30,102.23 3 0
github.com/Wosiu6/patwos-api/middleware/ratelimit.go:102.23,111.4 6 0
github.com/Wosiu6/patwos-api/middleware/ratelimit.go:113.3,113.11 1 0
github.com/Wosiu6/patwos-api/middleware/request_timeout.go:10.60,11.30 1 1
github.com/Wosiu6/patwos-api/middleware/request_timeout.go:11.30,17.3 4 1
github.com/Wosiu6/patwos-api/middleware/security.go:7.40,8.30 1 1
github.com/Wosiu6/patwos-api/middleware/security.go:8.30,18.3 8 1
github.com/Wosiu6/patwos-api/controllers/article.go:16.85,18.2 1 1
github.com/Wosiu6/patwos-api/controllers/article.go:20.58,25.16 4 1
github.com/Wosiu6/patwos-api/controllers/article.go:25.16,28.3 2 0
github.com/Wosiu6/patwos-api/controllers/article.go:30.2,31.35 2 1
github.com/Wosiu6/patwos-api/controllers/article.go:31.35,41.3 1 1
github.com/Wosiu6/patwos-api/controllers/article.go:43.2,43.53 1 1
github.com/Wosiu6/patwos-api/controllers/article.go:46.57,50.16 3 1
github.com/Wosiu6/patwos-api/controllers/article.go:50.16,53.17 3 0
github.com/Wosiu6/patwos-api/controllers/article.go:53.17,54.41 1 0
github.com/Wosiu6/patwos-api/controllers/article.go:54.41,57.5 2 0
github.com/Wosiu6/patwos-api/controllers/article.go:58.4,59.10 2 0
github.com/Wosiu6/patwos-api/controllers/article.go:61.3,62.9 2 0
github.com/Wosiu6/patwos-api/controllers/article.go:65.2,66.16 2 1
github.com/Wosiu6/patwos-api/controllers/article.go:66.16,67.40 1 0
github.com/Wosiu6/patwos-api/controllers/article.go:67.40,70.4 2 0
github.com/Wosiu6/patwos-api/controllers/article.go:71.3,72.9 2 0
github.com/Wosiu6/patwos-api/controllers/article.go:75.2,75.63 1 1
github.com/Wosiu6/patwos-api/controllers/article.go:78.60,80.13 2 0
github.com/Wosiu6/patwos-api/controllers/article.go:80.13,83.3 2 0
github.com/Wosiu6/patwos-api/controllers/article.go:85.2,86.47 2 0
github.com/Wosiu6/patwos-api/controllers/article.go:86.47,89.3 2 0
github.com/Wosiu6/patwos-api/controllers/article.go:91.2,92.16 2 0
github.com/Wosiu6/patwos-api/controllers/article.go:92.16,95.3 2 0
github.com/Wosiu6/patwos-api/controllers/article.go:97.2,97.68 1 0
github.com/Wosiu6/patwos-api/controllers/article.go:100.60,102.16 2 0
github.com/Wosiu6/patwos-api/controllers/article.go:102.16,105.3 2 0
github.com/Wosiu6/patwos-api/controllers/article.go:107.2,108.13 2 0
github.com/Wosiu6/patwos-api/controllers/article.go:108.13,111.3 2 0
github.com/Wosiu6/patwos-api/controllers/article.go:113.2,114.47 2 0
github.com/Wosiu6/patwos-api/controllers/article.go:114.47,117.3 2 0
github.com/Wosiu6/patwos-api/controllers/article.go:119.2,120.16 2 0
github.com/Wosiu6/patwos-api/controllers/article.go:120.16,121.40 1 0
github.com/Wosiu6/patwos-api/controllers/article.go:121.40,124.4 2 0
github.com/Wosiu6/patwos-api/controllers/article.go:125.3,125.34 1 0
github.com/Wosiu6/patwos-api/controllers/article.go:125.34,128.4 2 0
github.com/Wosiu6/patwos-api/controllers/article.go:129.3,130.9 2 0
github.com/Wosiu6/patwos-api/controllers/article.go:133.2,133.63 1 0
github.com/Wosiu6/patwos-api/controllers/article.go:136.60,138.16 2 0
github.com/Wosiu6/patwos-api/controllers/article.go:138.16,141.3 2 0
github.com/Wosiu6/patwos-api/controllers/article.go:143.2,144.13 2 0
github.com/Wosiu6/patwos-api/controllers/article.go:144.13,147.3 2 0
github.com/Wosiu6/patwos-api/controllers/article.go:149.2,150.16 2 0
github.com/Wosiu6/patwos-api/controllers/article.go:150.16,151.40 1 0
github.com/Wosiu6/patwos-api/controllers/article.go:151.40,154.4 2 0
github.com/Wosiu6/patwos-api/controllers/article.go:155.3,155.34 1 0
github.com/Wosiu6/patwos-api/controllers/article.go:155.34,158.4 2 0
github.com/Wosiu6/patwos-api/controllers/article.go:159.3,160.9 2 0
github.com/Wosiu6/patwos-api/controllers/article.go:163.2,163.73 1 0
github.com/Wosiu6/patwos-api/controllers/article.go:166.62,172.16 4 0
github.com/Wosiu6/patwos-api/controllers/article.go:172.16,175.17 2 0
github.com/Wosiu6/patwos-api/controllers/article.go:175.17,176.41 1 0
github.com/Wosiu6/patwos-api/controllers/article.go:176.41,179.5 2 0
github.com/Wosiu6/patwos-api/controllers/article.go:180.4,181.10 2 0
github.com/Wosiu6/patwos-api/controllers/article.go:183.3,183.38 1 0
github.com/Wosiu6/patwos-api/controllers/article.go:184.8,186.17 2 0
github.com/Wosiu6/patwos-api/controllers/article.go:186.17,187.41 1 0
github.com/Wosiu6/patwos-api/controllers/article.go:187.41,190.5 2 0
github.com/Wosiu6/patwos-api/controllers/article.go:191.4,192.10 2 0
github.com/Wosiu6/patwos-api/controllers/article.go:194.3,194.38 1 0
github.com/Wosiu6/patwos-api/controllers/article.go:197.2,198.16 2 0
github.com/Wosiu6/patwos-api/controllers/article.go:198.16,199.40 1 0
github.com/Wosiu6/patwos-api/controllers/article.go:199.40,202.4 2 0
github.com/Wosiu6/patwos-api/controllers/article.go:203.3,204.9 2 0
github.com/Wosiu6/patwos-api/controllers/article.go:206.2,206.46 1 0
github.com/Wosiu6/patwos-api/controllers/article.go:209.68,215.16 4 0
github.com/Wosiu6/patwos-api/controllers/article.go:215.16,218.17 2 0
github.com/Wosiu6/patwos-api/controllers/article.go:218.17,219.41 1 0
github.com/Wosiu6/patwos-api/controllers/article.go:219.41,222.5 2 0
github.com/Wosiu6/patwos-api/controllers/article.go:223.4,224.10 2 0
github.com/Wosiu6/patwos-api/controllers/article.go:226.3,226.38 1 0
github.com/Wosiu6/patwos-api/controllers/article.go:227.8,229.17 2 0
github.com/Wosiu6/patwos-api/controllers/article.go:229.17,230.41 1 0
github.com/Wosiu6/patwos-api/controllers/article.go:230.41,233.5 2 0
github.com/Wosiu6/patwos-api/controllers/article.go:234.4,235.10 2 0
github.com/Wosiu6/patwos-api/controllers/article.go:237.3,237.38 1 0
github.com/Wosiu6/patwos-api/controllers/article.go:240.2,241.16 2 0
github.com/Wosiu6/patwos-api/controllers/article.go:241.16,242.40 1 0
github.com/Wosiu6/patwos-api/controllers/article.go:242.40,245.4 2 0
github.com/Wosiu6/patwos-api/controllers/article.go:246.3,247.9 2 0
github.com/Wosiu6/patwos-api/controllers/article.go:249.2,249.46 1 0
github.com/Wosiu6/patwos-api/controllers/auth.go:15.73,17.2 1 1
github.com/Wosiu6/patwos-api/controllers/auth.go:19.52,21.47 2 1
github.com/Wosiu6/patwos-api/controllers/auth.go:21.47,24.3 2 0
github.com/Wosiu6/patwos-api/controllers/auth.go:26.2,27.16 2 1
github.com/Wosiu6/patwos-api/controllers/auth.go:27.16,28.42 1 0
github.com/Wosiu6/patwos-api/controllers/auth.go:28.42,31.4 2 0
github.com/Wosiu6/patwos-api/controllers/auth.go:32.3,33.9 2 0
github.com/Wosiu6/patwos-api/controllers/auth.go:36.2,39.4 1 1
github.com/Wosiu6/patwos-api/controllers/auth.go:42.49,44.47 2 1
github.com/Wosiu6/patwos-api/controllers/auth.go:44.47,47.3 2 0
github.com/Wosiu6/patwos-api/controllers/auth.go:49.2,50.16 2 1
github.com/Wosiu6/patwos-api/controllers/auth.go:50.16,51.43 1 1
github.com/Wosiu6/patwos-api/controllers/auth.go:51.43,54.4 2 1
github.com/Wosiu6/patwos-api/controllers/auth.go:55.3,56.9 2 0
github.com/Wosiu6/patwos-api/controllers/auth.go:59.2,62.4 1 0
github.com/Wosiu6/patwos-api/controllers/auth.go:65.58,67.13 2 0
github.com/Wosiu6/patwos-api/controllers/auth.go:67.13,70.3 2 0
github.com/Wosiu6/patwos-api/controllers/auth.go:72.2,73.64 2 0
github.com/Wosiu6/patwos-api/controllers/auth.go:76.50,78.13 2 1
github.com/Wosiu6/patwos-api/controllers/auth.go:78.13,81.3 2 0
github.com/Wosiu6/patwos-api/controllers/auth.go:83.2,84.45 2 1
github.com/Wosiu6/patwos-api/controllers/auth.go:84.45,87.3 2 1
github.com/Wosiu6/patwos-api/controllers/auth.go:88.2,90.85 2 0
github.com/Wosiu6/patwos-api/controllers/auth.go:90.85,93.3 2 0
github.com/Wosiu6/patwos-api/controllers/auth.go:95.2,95.68 1 0
github.com/Wosiu6/patwos-api/controllers/comment.go:16.85,18.2 1 1
github.com/Wosiu6/patwos-api/controllers/comment.go:20.67,24.16 3 0
github.com/Wosiu6/patwos-api/controllers/comment.go:24.16,27.3 2 0
github.com/Wosiu6/patwos-api/controllers/comment.go:29.2,29.52 1 0
github.com/Wosiu6/patwos-api/controllers/comment.go:32.60,34.13 2 1
github.com/Wosiu6/patwos-api/controllers/comment.go:34.13,37.3 2 0
github.com/Wosiu6/patwos-api/controllers/comment.go:39.2,40.47 2 1
github.com/Wosiu6/patwos-api/controllers/comment.go:40.47,43.3 2 0
github.com/Wosiu6/patwos-api/controllers/comment.go:45.2,46.16 2 1
github.com/Wosiu6/patwos-api/controllers/comment.go:46.16,49.3 2 0
github.com/Wosiu6/patwos-api/controllers/comment.go:51.2,51.68 1 1
github.com/Wosiu6/patwos-api/controllers/comment.go:54.60,56.16 2 1
github.com/Wosiu6/patwos-api/controllers/comment.go:56.16,59.3 2 0
github.com/Wosiu6/patwos-api/controllers/comment.go:61.2,62.13 2 1
github.com/Wosiu6/patwos-api/controllers/comment.go:62.13,65.3 2 0
github.com/Wosiu6/patwos-api/controllers/comment.go:67.2,68.47 2 1
github.com/Wosiu6/patwos-api/controllers/comment.go:68.47,71.3 2 0
github.com/Wosiu6/patwos-api/controllers/comment.go:73.2,74.16 2 1
github.com/Wosiu6/patwos-api/controllers/comment.go:74.16,75.40 1 1
github.com/Wosiu6/patwos-api/controllers/comment.go:75.40,78.4 2 1
github.com/Wosiu6/patwos-api/controllers/comment.go:79.3,79.34 1 0
github.com/Wosiu6/patwos-api/controllers/comment.go:79.34,82.4 2 0
github.com/Wosiu6/patwos-api/controllers/comment.go:83.3,84.9 2 0
github.com/Wosiu6/patwos-api/controllers/comment.go:87.2,87.63 1 0
github.com/Wosiu6/patwos-api/controllers/comment.go:90.60,92.16 2 1
github.com/Wosiu6/patwos-api/controllers/comment.go:92.16,95.3 2 0
github.com/Wosiu6/patwos-api/controllers/comment.go:97.2,98.13 2 1
github.com/Wosiu6/patwos-api/controllers/comment.go:98.13,101.3 2 0
github.com/Wosiu6/patwos-api/controllers/comment.go:103.2,104.16 2 1
github.com/Wosiu6/patwos-api/controllers/comment.go:104.16,105.40 1 0
github.com/Wosiu6/patwos-api/controllers/comment.go:105.40,108.4 2 0
github.com/Wosiu6/patwos-api/controllers/comment.go:109.3,109.34 1 0
github.com/Wosiu6/patwos-api/controllers/comment.go:109.34,112.4 2 0
github.com/Wosiu6/patwos-api/controllers/comment.go:113.3,114.9 2 0
github.com/Wosiu6/patwos-api/controllers/comment.go:117.2,117.73 1 1
github.com/Wosiu6/patwos-api/controllers/comment.go:120.57,122.16 2 1
github.com/Wosiu6/patwos-api/controllers/comment.go:122.16,125.3 2 0
github.com/Wosiu6/patwos-api/controllers/comment.go:127.2,128.16 2 1
github.com/Wosiu6/patwos-api/controllers/comment.go:128.16,129.40 1 0
github.com/Wosiu6/patwos-api/controllers/comment.go:129.40,132.4 2 0
github.com/Wosiu6/patwos-api/controllers/comment.go:133.3,134.9 2 0
github.com/Wosiu6/patwos-api/controllers/comment.go:137.2,137.63 1 1
github.com/Wosiu6/patwos-api/controllers/vote.go:16.69,18.2 1 1
github.com/Wosiu6/patwos-api/controllers/vote.go:20.48,22.13 2 1
github.com/Wosiu6/patwos-api/controllers/vote.go:22.13,25.3 2 0
github.com/Wosiu6/patwos-api/controllers/vote.go:27.2,28.47 2 1
github.com/Wosiu6/patwos-api/controllers/vote.go:28.47,31.3 2 1
github.com/Wosiu6/patwos-api/controllers/vote.go:33.2,33.105 1 0
github.com/Wosiu6/patwos-api/controllers/vote.go:33.105,34.40 1 0
github.com/Wosiu6/patwos-api/controllers/vote.go:34.40,37.4 2 0
github.com/Wosiu6/patwos-api/controllers/vote.go:38.3,40.9 3 0
github.com/Wosiu6/patwos-api/controllers/vote.go:43.2,45.16 3 0
github.com/Wosiu6/patwos-api/controllers/vote.go:45.16,48.3 2 0
github.com/Wosiu6/patwos-api/controllers/vote.go:50.2,53.4 1 0
github.com/Wosiu6/patwos-api/controllers/vote.go:56.54,58.13 2 1
github.com/Wosiu6/patwos-api/controllers/vote.go:58.13,61.3 2 0
github.com/Wosiu6/patwos-api/controllers/vote.go:63.2,65.16 3 1
github.com/Wosiu6/patwos-api/controllers/vote.go:65.16,68.3 2 0
github.com/Wosiu6/patwos-api/controllers/vote.go:70.2,70.99 1 1
github.com/Wosiu6/patwos-api/controllers/vote.go:70.99,73.3 2 0
github.com/Wosiu6/patwos-api/controllers/vote.go:75.2,77.16 3 1
github.com/Wosiu6/patwos-api/controllers/vote.go:77.16,80.3 2 0
github.com/Wosiu6/patwos-api/controllers/vote.go:82.2,85.4 1 1
github.com/Wosiu6/patwos-api/controllers/vote.go:88.57,91.16 3 0
github.com/Wosiu6/patwos-api/controllers/vote.go:91.16,94.3 2 0
github.com/Wosiu6/patwos-api/controllers/vote.go:96.2,97.48 2 0
github.com/Wosiu6/patwos-api/controllers/vote.go:97.48,100.3 2 0
github.com/Wosiu6/patwos-api/controllers/vote.go:102.2,103.16 2 0
github.com/Wosiu6/patwos-api/controllers/vote.go:103.16,106.3 2 0
github.com/Wosiu6/patwos-api/controllers/vote.go:108.2,108.31 1 0
github.com/Wosiu6/patwos-api/main.go:20.13,21.40 1 0
github.com/Wosiu6/patwos-api/main.go:21.40,23.3 1 0
github.com/Wosiu6/patwos-api/main.go:25.2,29.16 4 0
github.com/Wosiu6/patwos-api/main.go:29.16,31.3 1 0
github.com/Wosiu6/patwos-api/main.go:32.2,35.45 3 0
github.com/Wosiu6/patwos-api/main.go:35.45,37.3 1 0
github.com/Wosiu6/patwos-api/main.go:38.2,60.33 12 0
github.com/Wosiu6/patwos-api/main.go:60.33,61.70 1 0
github.com/Wosiu6/patwos-api/main.go:61.70,63.4 1 0
github.com/Wosiu6/patwos-api/main.go:66.2,78.60 10 0
github.com/Wosiu6/patwos-api/main.go:78.60,80.3 1 0
github.com/Wosiu6/patwos-api/main.go:82.2,93.12 4 0
github.com/Wosiu6/patwos-api/main.go:93.12,94.80 1 0
github.com/Wosiu6/patwos-api/main.go:94.80,96.4 1 0
github.com/Wosiu6/patwos-api/main.go:99.2,107.45 7 0
github.com/Wosiu6/patwos-api/main.go:107.45,109.3 1 0
github.com/Wosiu6/patwos-api/main.go:111.2,111.40 1 0
